<?xml version="1.0" encoding="UTF-8"?>
<!-- Generated by org.testng.reporters.JUnitXMLReporter -->
<testsuite ignored="2" hostname="Laptop-91" failures="0" tests="1" name="Default test" time="40.101" errors="0" timestamp="2024-02-27T15:13:06 IST">
  <testcase classname="com.orangehrm.testcases.OrangeHRMTestCases" name="headerAdmin" time="37.14"/>
  <testcase classname="com.orangehrm.testcases.OrangeHRMTestCases" name="searchcreateddAdmin" time="0.0">
    <ignored/>
  </testcase> <!-- searchcreateddAdmin -->
  <testcase classname="com.orangehrm.testcases.OrangeHRMTestCases" name="loginPageTestCase" time="0.0">
    <ignored/>
  </testcase> <!-- loginPageTestCase -->
</testsuite> <!-- Default test -->
