<?xml version="1.0" encoding="UTF-8"?>
<!-- Generated by org.testng.reporters.JUnitXMLReporter -->
<testsuite ignored="3" hostname="Laptop-91" failures="0" tests="1" name="Default test" time="45.229" errors="0" timestamp="2024-02-28T17:33:26 IST">
  <testcase classname="com.orangehrm.testcases.OrangeHRMTestCases" name="tabPIM" time="39.488"/>
  <testcase classname="com.orangehrm.testcases.OrangeHRMTestCases" name="loginPageTestCase" time="0.0">
    <ignored/>
  </testcase> <!-- loginPageTestCase -->
  <testcase classname="com.orangehrm.testcases.OrangeHRMTestCases" name="headerAdmin" time="0.0">
    <ignored/>
  </testcase> <!-- headerAdmin -->
  <testcase classname="com.orangehrm.testcases.OrangeHRMTestCases" name="searchcreateddAdmin" time="0.0">
    <ignored/>
  </testcase> <!-- searchcreateddAdmin -->
</testsuite> <!-- Default test -->
