<?xml version="1.0" encoding="UTF-8"?>
<testng-results ignored="0" total="1" passed="1" failed="0" skipped="0">
  <reporter-output>
  </reporter-output>
  <suite started-at="2024-02-27T15:12:25 IST" name="Default suite" finished-at="2024-02-27T15:13:06 IST" duration-ms="40101">
    <groups>
    </groups>
    <test started-at="2024-02-27T15:12:25 IST" name="Default test" finished-at="2024-02-27T15:13:06 IST" duration-ms="40101">
      <class name="com.orangehrm.testcases.OrangeHRMTestCases">
        <test-method is-config="true" signature="setUp()[pri:0, instance:com.orangehrm.testcases.OrangeHRMTestCases@3e27ba32]" started-at="2024-02-27T15:12:26 IST" name="setUp" finished-at="2024-02-27T15:12:28 IST" duration-ms="2894" status="PASS">
          <reporter-output>
          </reporter-output>
        </test-method> <!-- setUp -->
        <test-method signature="headerAdmin()[pri:0, instance:com.orangehrm.testcases.OrangeHRMTestCases@3e27ba32]" started-at="2024-02-27T15:12:28 IST" name="headerAdmin" finished-at="2024-02-27T15:13:06 IST" duration-ms="37140" status="PASS">
          <reporter-output>
          </reporter-output>
        </test-method> <!-- headerAdmin -->
      </class> <!-- com.orangehrm.testcases.OrangeHRMTestCases -->
    </test> <!-- Default test -->
  </suite> <!-- Default suite -->
</testng-results>
