<?xml version="1.0" encoding="UTF-8"?>
<testng-results ignored="0" total="1" passed="1" failed="0" skipped="0">
  <reporter-output>
  </reporter-output>
  <suite started-at="2024-02-29T17:25:52 IST" name="Default suite" finished-at="2024-02-29T17:27:16 IST" duration-ms="83776">
    <groups>
    </groups>
    <test started-at="2024-02-29T17:25:52 IST" name="Default test" finished-at="2024-02-29T17:27:16 IST" duration-ms="83776">
      <class name="com.orangehrm.testcases.OrangeHRMTestCases">
        <test-method is-config="true" signature="setUp()[pri:0, instance:com.orangehrm.testcases.OrangeHRMTestCases@7ef82753]" started-at="2024-02-29T17:25:52 IST" name="setUp" finished-at="2024-02-29T17:25:55 IST" duration-ms="3632" status="PASS">
          <reporter-output>
          </reporter-output>
        </test-method> <!-- setUp -->
        <test-method signature="tabPIM()[pri:0, instance:com.orangehrm.testcases.OrangeHRMTestCases@7ef82753]" started-at="2024-02-29T17:25:55 IST" name="tabPIM" finished-at="2024-02-29T17:27:16 IST" duration-ms="80062" status="PASS">
          <reporter-output>
          </reporter-output>
        </test-method> <!-- tabPIM -->
      </class> <!-- com.orangehrm.testcases.OrangeHRMTestCases -->
    </test> <!-- Default test -->
  </suite> <!-- Default suite -->
</testng-results>
